<?xml version="1.0" encoding="UTF-8"?>
<testsuite name="com.example.MyStart.MyStartApplicationTests" tests="1" skipped="0" failures="0" errors="0" timestamp="2020-12-20T09:55:09" hostname="Navatar" time="0.368">
  <properties/>
  <testcase name="contextLoads()" classname="com.example.MyStart.MyStartApplicationTests" time="0.368"/>
  <system-out><![CDATA[12:55:07.840 [Test worker] DEBUG org.springframework.test.context.BootstrapUtils - Instantiating CacheAwareContextLoaderDelegate from class [org.springframework.test.context.cache.DefaultCacheAwareContextLoaderDelegate]
12:55:07.855 [Test worker] DEBUG org.springframework.test.context.BootstrapUtils - Instantiating BootstrapContext using constructor [public org.springframework.test.context.support.DefaultBootstrapContext(java.lang.Class,org.springframework.test.context.CacheAwareContextLoaderDelegate)]
12:55:07.896 [Test worker] DEBUG org.springframework.test.context.BootstrapUtils - Instantiating TestContextBootstrapper for test class [com.example.MyStart.MyStartApplicationTests] from class [org.springframework.boot.test.context.SpringBootTestContextBootstrapper]
12:55:07.907 [Test worker] INFO org.springframework.boot.test.context.SpringBootTestContextBootstrapper - Neither @ContextConfiguration nor @ContextHierarchy found for test class [com.example.MyStart.MyStartApplicationTests], using SpringBootContextLoader
12:55:07.912 [Test worker] DEBUG org.springframework.test.context.support.AbstractContextLoader - Did not detect default resource location for test class [com.example.MyStart.MyStartApplicationTests]: class path resource [com/example/MyStart/MyStartApplicationTests-context.xml] does not exist
12:55:07.913 [Test worker] DEBUG org.springframework.test.context.support.AbstractContextLoader - Did not detect default resource location for test class [com.example.MyStart.MyStartApplicationTests]: class path resource [com/example/MyStart/MyStartApplicationTestsContext.groovy] does not exist
12:55:07.913 [Test worker] INFO org.springframework.test.context.support.AbstractContextLoader - Could not detect default resource locations for test class [com.example.MyStart.MyStartApplicationTests]: no resource found for suffixes {-context.xml, Context.groovy}.
12:55:07.914 [Test worker] INFO org.springframework.test.context.support.AnnotationConfigContextLoaderUtils - Could not detect default configuration classes for test class [com.example.MyStart.MyStartApplicationTests]: MyStartApplicationTests does not declare any static, non-private, non-final, nested classes annotated with @Configuration.
12:55:07.956 [Test worker] DEBUG org.springframework.test.context.support.ActiveProfilesUtils - Could not find an 'annotation declaring class' for annotation type [org.springframework.test.context.ActiveProfiles] and class [com.example.MyStart.MyStartApplicationTests]
12:55:08.011 [Test worker] DEBUG org.springframework.context.annotation.ClassPathScanningCandidateComponentProvider - Identified candidate component class: file [/home/navatar/GitClone/MyStart/build/classes/java/main/com/example/MyStart/MyStartApplication.class]
12:55:08.013 [Test worker] INFO org.springframework.boot.test.context.SpringBootTestContextBootstrapper - Found @SpringBootConfiguration com.example.MyStart.MyStartApplication for test class com.example.MyStart.MyStartApplicationTests
12:55:08.103 [Test worker] DEBUG org.springframework.boot.test.context.SpringBootTestContextBootstrapper - @TestExecutionListeners is not present for class [com.example.MyStart.MyStartApplicationTests]: using defaults.
12:55:08.104 [Test worker] INFO org.springframework.boot.test.context.SpringBootTestContextBootstrapper - Loaded default TestExecutionListener class names from location [META-INF/spring.factories]: [org.springframework.boot.test.autoconfigure.restdocs.RestDocsTestExecutionListener, org.springframework.boot.test.autoconfigure.web.client.MockRestServiceServerResetTestExecutionListener, org.springframework.boot.test.autoconfigure.web.servlet.MockMvcPrintOnlyOnFailureTestExecutionListener, org.springframework.boot.test.autoconfigure.web.servlet.WebDriverTestExecutionListener, org.springframework.boot.test.autoconfigure.webservices.client.MockWebServiceServerTestExecutionListener, org.springframework.boot.test.mock.mockito.MockitoTestExecutionListener, org.springframework.boot.test.mock.mockito.ResetMocksTestExecutionListener, org.springframework.test.context.web.ServletTestExecutionListener, org.springframework.test.context.support.DirtiesContextBeforeModesTestExecutionListener, org.springframework.test.context.support.DependencyInjectionTestExecutionListener, org.springframework.test.context.support.DirtiesContextTestExecutionListener, org.springframework.test.context.transaction.TransactionalTestExecutionListener, org.springframework.test.context.jdbc.SqlScriptsTestExecutionListener, org.springframework.test.context.event.EventPublishingTestExecutionListener]
12:55:08.115 [Test worker] DEBUG org.springframework.boot.test.context.SpringBootTestContextBootstrapper - Skipping candidate TestExecutionListener [org.springframework.test.context.transaction.TransactionalTestExecutionListener] due to a missing dependency. Specify custom listener classes or make the default listener classes and their required dependencies available. Offending class: [org/springframework/transaction/interceptor/TransactionAttributeSource]
12:55:08.115 [Test worker] DEBUG org.springframework.boot.test.context.SpringBootTestContextBootstrapper - Skipping candidate TestExecutionListener [org.springframework.test.context.jdbc.SqlScriptsTestExecutionListener] due to a missing dependency. Specify custom listener classes or make the default listener classes and their required dependencies available. Offending class: [org/springframework/transaction/interceptor/TransactionAttribute]
12:55:08.116 [Test worker] INFO org.springframework.boot.test.context.SpringBootTestContextBootstrapper - Using TestExecutionListeners: [org.springframework.test.context.web.ServletTestExecutionListener@45544c, org.springframework.test.context.support.DirtiesContextBeforeModesTestExecutionListener@bb0e370, org.springframework.boot.test.mock.mockito.MockitoTestExecutionListener@261c2085, org.springframework.boot.test.autoconfigure.SpringBootDependencyInjectionTestExecutionListener@5b5d4e1f, org.springframework.test.context.support.DirtiesContextTestExecutionListener@7190860c, org.springframework.test.context.event.EventPublishingTestExecutionListener@7db7502d, org.springframework.boot.test.autoconfigure.restdocs.RestDocsTestExecutionListener@3ae84f16, org.springframework.boot.test.autoconfigure.web.client.MockRestServiceServerResetTestExecutionListener@bf4d3e2, org.springframework.boot.test.autoconfigure.web.servlet.MockMvcPrintOnlyOnFailureTestExecutionListener@7e219476, org.springframework.boot.test.autoconfigure.web.servlet.WebDriverTestExecutionListener@39d095a7, org.springframework.boot.test.autoconfigure.webservices.client.MockWebServiceServerTestExecutionListener@4138ed74, org.springframework.boot.test.mock.mockito.ResetMocksTestExecutionListener@6cfe5d72]
12:55:08.119 [Test worker] DEBUG org.springframework.test.context.support.AbstractDirtiesContextTestExecutionListener - Before test class: context [DefaultTestContext@539bd253 testClass = MyStartApplicationTests, testInstance = [null], testMethod = [null], testException = [null], mergedContextConfiguration = [WebMergedContextConfiguration@5b5e4600 testClass = MyStartApplicationTests, locations = '{}', classes = '{class com.example.MyStart.MyStartApplication}', contextInitializerClasses = '[]', activeProfiles = '{}', propertySourceLocations = '{}', propertySourceProperties = '{org.springframework.boot.test.context.SpringBootTestContextBootstrapper=true}', contextCustomizers = set[org.springframework.boot.test.autoconfigure.actuate.metrics.MetricsExportContextCustomizerFactory$DisableMetricExportContextCustomizer@1e1c1d31, org.springframework.boot.test.autoconfigure.properties.PropertyMappingContextCustomizer@0, org.springframework.boot.test.autoconfigure.web.servlet.WebDriverContextCustomizerFactory$Customizer@19799953, org.springframework.boot.test.context.filter.ExcludeFilterContextCustomizer@64db0119, org.springframework.boot.test.json.DuplicateJsonObjectContextCustomizerFactory$DuplicateJsonObjectContextCustomizer@301297c6, org.springframework.boot.test.mock.mockito.MockitoContextCustomizer@0, org.springframework.boot.test.web.client.TestRestTemplateContextCustomizer@473da348, org.springframework.boot.test.context.SpringBootTestArgs@1, org.springframework.boot.test.context.SpringBootTestWebEnvironment@5abf18ae], resourceBasePath = 'src/main/webapp', contextLoader = 'org.springframework.boot.test.context.SpringBootContextLoader', parent = [null]], attributes = map['org.springframework.test.context.web.ServletTestExecutionListener.activateListener' -> true]], class annotated with @DirtiesContext [false] with mode [null].
12:55:08.152 [Test worker] DEBUG org.springframework.test.context.support.TestPropertySourceUtils - Adding inlined properties to environment: {spring.jmx.enabled=false, org.springframework.boot.test.context.SpringBootTestContextBootstrapper=true}

  .   ____          _            __ _ _
 /\\ / ___'_ __ _ _(_)_ __  __ _ \ \ \ \
( ( )\___ | '_ | '_| | '_ \/ _` | \ \ \ \
 \\/  ___)| |_)| | | | | || (_| |  ) ) ) )
  '  |____| .__|_| |_|_| |_\__, | / / / /
 =========|_|==============|___/=/_/_/_/
 :: Spring Boot ::                (v2.4.1)

2020-12-20 12:55:08.422  INFO 36792 --- [    Test worker] c.e.MyStart.MyStartApplicationTests      : Starting MyStartApplicationTests using Java 15.0.1 on Navatar with PID 36792 (started by navatar in /home/navatar/GitClone/MyStart)
2020-12-20 12:55:08.425  INFO 36792 --- [    Test worker] c.e.MyStart.MyStartApplicationTests      : No active profile set, falling back to default profiles: default
2020-12-20 12:55:09.639  INFO 36792 --- [    Test worker] o.s.s.concurrent.ThreadPoolTaskExecutor  : Initializing ExecutorService 'applicationTaskExecutor'
2020-12-20 12:55:09.928  INFO 36792 --- [    Test worker] c.e.MyStart.MyStartApplicationTests      : Started MyStartApplicationTests in 1.769 seconds (JVM running for 2.936)
]]></system-out>
  <system-err><![CDATA[]]></system-err>
</testsuite>
